cfg-android: preparing ABI build trees
cfg-android: configuring top-level for arm64-v8a
cfg-android-abi: installing tool chain for ABI: arm64-v8a
cfg-android-abi: configuring build: .../brltty
configure: WARNING: using cross tools not prefixed with host triplet
cfg-android-abi: configuring build: .../brltty/Android/ABI/arm64-v8a
configure: WARNING: using cross tools not prefixed with host triplet
cfg-android-abi: installing tool chain for ABI: armeabi-v7a
cfg-android-abi: configuring build: .../brltty/Android/ABI/armeabi-v7a
configure: WARNING: using cross tools not prefixed with host triplet
cfg-android-abi: installing tool chain for ABI: x86
cfg-android-abi: configuring build: .../brltty/Android/ABI/x86
configure: WARNING: using cross tools not prefixed with host triplet
cfg-android-abi: installing tool chain for ABI: x86_64
cfg-android-abi: configuring build: .../brltty/Android/ABI/x86_64
configure: WARNING: using cross tools not prefixed with host triplet
Note: Some input files use or override a deprecated API.
Note: Recompile with -Xlint:deprecation for details.
Note: Some input files use unchecked or unsafe operations.
Note: Recompile with -Xlint:unchecked for details.
Note: Some input files use or override a deprecated API.
Note: Recompile with -Xlint:deprecation for details.
Note: Some input files use unchecked or unsafe operations.
Note: Recompile with -Xlint:unchecked for details.
rebuild: done
