mkwin32: revision identifier: BRLTTY-6.8-313-g8a2591fe+
mkwin32: MinGW command not found: linuxdoc
mkwin32: copying source tree
mkwin32: applying patches
patching file Programs/usb_libusb-1.0.c
patching file Programs/usb_libusb.c
mkwin32: configuring build
../source/brltty-prologue.bash: line 287: declare: -A: invalid option
declare: usage: declare [-afFirtx] [-p] [name[=value] ...]
../source/brltty-prologue.bash: line 387: declare: -n: invalid option
declare: usage: declare [-afFirtx] [-p] [name[=value] ...]
configure: WARNING: eSpeak-NG package not found: /usr /usr/local /usr/local/eSpeak-NG /usr/local/espeak_ng /opt/eSpeak-NG /opt/espeak_ng /mingw /mingw/eSpeak-NG /mingw/espeak_ng
configure: WARNING: eSpeak package not found: /usr /usr/local /usr/local/eSpeak /usr/local/espeak /opt/eSpeak /opt/espeak /mingw /mingw/eSpeak /mingw/espeak
configure: WARNING: FestivalLite package not found: /usr /usr/local /usr/local/FestivalLite /usr/local/flite /opt/FestivalLite /opt/flite /mingw /mingw/FestivalLite /mingw/flite
configure: WARNING: Mikropuhe package not found: /usr /usr/local /usr/local/Mikropuhe /usr/local/mikropuhe /opt/Mikropuhe /opt/mikropuhe /mingw /mingw/Mikropuhe /mingw/mikropuhe
configure: WARNING: speech-dispatcher package not found: /usr /usr/local /usr/local/speech-dispatcher /usr/local/speechd /opt/speech-dispatcher /opt/speechd /mingw /mingw/speech-dispatcher /mingw/speechd
configure: WARNING: Swift package not found: /usr /usr/local /usr/local/Swift /usr/local/swift /opt/Swift /opt/swift /mingw /mingw/Swift /mingw/swift
configure: WARNING: Theta package not found: /usr /usr/local /usr/local/Theta /usr/local/theta /opt/Theta /opt/theta /mingw /mingw/Theta /mingw/theta
mkwin32: building programs
In file included from c:\Program Files (x86)\Python311-32\include/Python.h:86,
                 from ../../../source/Bindings/Python/bindings.c:25:
c:\Program Files (x86)\Python311-32\include/cpython/pytime.h:184:12: warning: 'struct timeval' declared inside parameter list will not be visible outside of this definition or declaration
  184 |     struct timeval *tv,
      |            ^~~~~~~
c:\Program Files (x86)\Python311-32\include/cpython/pytime.h:190:12: warning: 'struct timeval' declared inside parameter list will not be visible outside of this definition or declaration
  190 |     struct timeval *tv,
      |            ^~~~~~~
In file included from c:\Program Files (x86)\Python311-32\include/Python.h:86,
                 from brlapi.auto.c:16:
c:\Program Files (x86)\Python311-32\include/cpython/pytime.h:184:12: warning: 'struct timeval' declared inside parameter list will not be visible outside of this definition or declaration
  184 |     struct timeval *tv,
      |            ^~~~~~~
c:\Program Files (x86)\Python311-32\include/cpython/pytime.h:190:12: warning: 'struct timeval' declared inside parameter list will not be visible outside of this definition or declaration
  190 |     struct timeval *tv,
      |            ^~~~~~~
brlapi.auto.c: In function '__Pyx_ImportType_3_0_4':
brlapi.auto.c:33405:13: warning: unknown conversion type character 'z' in format [-Wformat=]
33405 |             "%s.%s size changed, may indicate binary incompatibility. "
      |             ^~~~~~~~~~~~~~~~~~~~~~~~~~~~~~~~~~~~~~~~~~~~~~~~~~~~~~~~~~~
brlapi.auto.c:33406:24: note: format string is defined here
33406 |             "Expected %zd from C header, got %zd from PyObject",
      |                        ^
brlapi.auto.c:33405:13: warning: unknown conversion type character 'z' in format [-Wformat=]
33405 |             "%s.%s size changed, may indicate binary incompatibility. "
      |             ^~~~~~~~~~~~~~~~~~~~~~~~~~~~~~~~~~~~~~~~~~~~~~~~~~~~~~~~~~~
brlapi.auto.c:33406:47: note: format string is defined here
33406 |             "Expected %zd from C header, got %zd from PyObject",
      |                                               ^
brlapi.auto.c:33405:13: warning: too many arguments for format [-Wformat-extra-args]
33405 |             "%s.%s size changed, may indicate binary incompatibility. "
      |             ^~~~~~~~~~~~~~~~~~~~~~~~~~~~~~~~~~~~~~~~~~~~~~~~~~~~~~~~~~~
c:\Program Files (x86)\Python311-32\Lib\site-packages\setuptools\_distutils\cmd.py:90: SetuptoolsDeprecationWarning: setup.py install is deprecated.
!!

        ********************************************************************************
        Please avoid running ``setup.py`` directly.
        Instead, use pypa/build, pypa/installer or other
        standards-based tools.

        This deprecation is overdue, please update your project and remove deprecated
        calls to avoid build errors in the future.

        See https://blog.ganssle.io/articles/2021/10/setup-py-deprecated.html for details.
        ********************************************************************************

!!
  self.initialize_options()
mkwin32: building documents
linuxdoc is not installed - document will not be made
linuxdoc is not installed - document will not be made
linuxdoc is not installed - document will not be made
mkwin32: installing files
c:\Program Files (x86)\Python311-32\Lib\site-packages\setuptools\_distutils\cmd.py:90: SetuptoolsDeprecationWarning: setup.py install is deprecated.
!!

        ********************************************************************************
        Please avoid running ``setup.py`` directly.
        Instead, use pypa/build, pypa/installer or other
        standards-based tools.

        This deprecation is overdue, please update your project and remove deprecated
        calls to avoid build errors in the future.

        See https://blog.ganssle.io/articles/2021/10/setup-py-deprecated.html for details.
        ********************************************************************************

!!
  self.initialize_options()
c:\Program Files (x86)\Python311-32\Lib\site-packages\setuptools\_distutils\cmd.py:90: SetuptoolsDeprecationWarning: setup.py install is deprecated.
!!

        ********************************************************************************
        Please avoid running ``setup.py`` directly.
        Instead, use pypa/build, pypa/installer or other
        standards-based tools.

        This deprecation is overdue, please update your project and remove deprecated
        calls to avoid build errors in the future.

        See https://blog.ganssle.io/articles/2021/10/setup-py-deprecated.html for details.
        ********************************************************************************

!!
  self.initialize_options()
c:\Program Files (x86)\Python311-32\Lib\site-packages\setuptools\_distutils\cmd.py:90: SetuptoolsDeprecationWarning: setup.py install is deprecated.
!!

        ********************************************************************************
        Please avoid running ``setup.py`` directly.
        Instead, use pypa/build, pypa/installer or other
        standards-based tools.

        This deprecation is overdue, please update your project and remove deprecated
        calls to avoid build errors in the future.

        See https://blog.ganssle.io/articles/2021/10/setup-py-deprecated.html for details.
        ********************************************************************************

!!
  self.initialize_options()
c:\Program Files (x86)\Python311-32\Lib\site-packages\setuptools\_distutils\cmd.py:90: SetuptoolsDeprecationWarning: setup.py install is deprecated.
!!

        ********************************************************************************
        Please avoid running ``setup.py`` directly.
        Instead, use pypa/build, pypa/installer or other
        standards-based tools.

        This deprecation is overdue, please update your project and remove deprecated
        calls to avoid build errors in the future.

        See https://blog.ganssle.io/articles/2021/10/setup-py-deprecated.html for details.
        ********************************************************************************

!!
  self.initialize_options()
c:\Program Files (x86)\Python311-32\Lib\site-packages\setuptools\command\bdist_wheel.py:103: RuntimeWarning: Config variable 'Py_DEBUG' is unset, Python ABI tag may be incorrect
  if get_flag("Py_DEBUG", hasattr(sys, "gettotalrefcount"), warn=(impl == "cp")):
mkwin32: updating files
mkwin32: file not installed: Python/Brlapi-0.8.7-*.whl
mkwin32: USB package: libusb
mkwin32: installing package files: LibUSB (aka LibUSB-Win32)
   Creating library brlapi.lib and object brlapi.exp
mkwin32: creating configurator
Successfully compiled: C:\Users\dave\AppData\Local\Temp\brltty-mkwin32\install\brltty-win32-6.8-313-libusb\brlttycnf.exe
mkwin32: converting text files
mkwin32: creating archive
mkwin32: creating installer
mkwin32: cleaning up
mkwin32: done
