mkwin: revision identifier: BRLTTY-6.6-52-gd1f5b94a+
mkwin: MinGW command not found: linuxdoc
mkwin: copying source tree
mkwin: applying patches
patching file Programs/usb_libusb-1.0.c
patching file Programs/usb_libusb.c
mkwin: configuring build
../source/brltty-prologue.bash: line 287: declare: -A: invalid option
declare: usage: declare [-afFirtx] [-p] [name[=value] ...]
../source/brltty-prologue.bash: line 387: declare: -n: invalid option
declare: usage: declare [-afFirtx] [-p] [name[=value] ...]
mkwin: building programs
In file included from c:\Program Files (x86)\Python38-32\include/Python.h:85,
                 from brlapi.auto.c:4:
c:\Program Files (x86)\Python38-32\include/pytime.h:123:59: warning: 'struct timeval' declared inside parameter list will not be visible outside of this definition or declaration
  123 | PyAPI_FUNC(int) _PyTime_FromTimeval(_PyTime_t *tp, struct timeval *tv);
      |                                                           ^~~~~~~
c:\Program Files (x86)\Python38-32\include/pytime.h:130:12: warning: 'struct timeval' declared inside parameter list will not be visible outside of this definition or declaration
  130 |     struct timeval *tv,
      |            ^~~~~~~
c:\Program Files (x86)\Python38-32\include/pytime.h:135:12: warning: 'struct timeval' declared inside parameter list will not be visible outside of this definition or declaration
  135 |     struct timeval *tv,
      |            ^~~~~~~
brlapi.auto.c: In function '__Pyx_ImportType':
brlapi.auto.c:24191:13: warning: unknown conversion type character 'z' in format [-Wformat=]
24191 |             "%s.%s size changed, may indicate binary incompatibility. "
      |             ^~~~~~~~~~~~~~~~~~~~~~~~~~~~~~~~~~~~~~~~~~~~~~~~~~~~~~~~~~~
brlapi.auto.c:24192:24: note: format string is defined here
24192 |             "Expected %zd from C header, got %zd from PyObject",
      |                        ^
brlapi.auto.c:24191:13: warning: unknown conversion type character 'z' in format [-Wformat=]
24191 |             "%s.%s size changed, may indicate binary incompatibility. "
      |             ^~~~~~~~~~~~~~~~~~~~~~~~~~~~~~~~~~~~~~~~~~~~~~~~~~~~~~~~~~~
brlapi.auto.c:24192:47: note: format string is defined here
24192 |             "Expected %zd from C header, got %zd from PyObject",
      |                                               ^
brlapi.auto.c:24191:13: warning: too many arguments for format [-Wformat-extra-args]
24191 |             "%s.%s size changed, may indicate binary incompatibility. "
      |             ^~~~~~~~~~~~~~~~~~~~~~~~~~~~~~~~~~~~~~~~~~~~~~~~~~~~~~~~~~~
In file included from c:\Program Files (x86)\Python38-32\include/Python.h:85,
                 from ../../../source/Bindings/Python/bindings.c:25:
c:\Program Files (x86)\Python38-32\include/pytime.h:123:59: warning: 'struct timeval' declared inside parameter list will not be visible outside of this definition or declaration
  123 | PyAPI_FUNC(int) _PyTime_FromTimeval(_PyTime_t *tp, struct timeval *tv);
      |                                                           ^~~~~~~
c:\Program Files (x86)\Python38-32\include/pytime.h:130:12: warning: 'struct timeval' declared inside parameter list will not be visible outside of this definition or declaration
  130 |     struct timeval *tv,
      |            ^~~~~~~
c:\Program Files (x86)\Python38-32\include/pytime.h:135:12: warning: 'struct timeval' declared inside parameter list will not be visible outside of this definition or declaration
  135 |     struct timeval *tv,
      |            ^~~~~~~
mkwin: building documents
linuxdoc is not installed - document will not be made
linuxdoc is not installed - document will not be made
linuxdoc is not installed - document will not be made
mkwin: installing files
installing to build\bdist.win32\wheel
creating build\bdist.win32\wheel\Brlapi-0.8.5.dist-info\WHEEL
creating 'dist\Brlapi-0.8.5-cp38-cp38-win32.whl' and adding 'build\bdist.win32\wheel' to it
adding 'brlapi.cp38-win32.pyd'
adding 'Brlapi-0.8.5.dist-info/METADATA'
adding 'Brlapi-0.8.5.dist-info/WHEEL'
adding 'Brlapi-0.8.5.dist-info/top_level.txt'
adding 'Brlapi-0.8.5.dist-info/RECORD'
removing build\bdist.win32\wheel
mkwin: updating files
mkwin: USB package: libusb
mkwin: installing package files: LibUSB (aka LibUSB-Win32)
   Creating library brlapi.lib and object brlapi.exp
mkwin: creating configurator
Successfully compiled: C:\Users\dave\AppData\Local\Temp\brltty-mkwin\install\brltty-win-6.6-52-libusb\brlttycnf.exe
mkwin: converting text files
mkwin: creating archive
mkwin: creating installer
mkwin: cleaning up
mkwin: done
